<?xml version="1.0" encoding="UTF-8"?>
<!-- Generated by org.testng.reporters.JUnitReportReporter -->
<testsuite skipped="0" hostname="SVRODK00184" name="Search02IT" tests="1" failures="0" timestamp="22 Jan 2019 11:20:49 GMT" time="29.585" errors="0">
  <testcase name="feature" time="29.585" classname="Search02IT"/>
</testsuite> <!-- Search02IT -->
