<?xml version="1.0" encoding="UTF-8"?>
<!-- Generated by org.testng.reporters.JUnitReportReporter -->
<testsuite skipped="0" hostname="SVRODK00184" name="Login01IT" tests="1" failures="0" timestamp="22 Jan 2019 11:20:49 GMT" time="13.338" errors="0">
  <testcase name="feature" time="13.338" classname="Login01IT"/>
</testsuite> <!-- Login01IT -->
